<?xml version="1.0" encoding="UTF-8"?>
<testsuite xmlns:xsi="http://www.w3.org/2001/XMLSchema-instance" xsi:noNamespaceSchemaLocation="https://maven.apache.org/surefire/maven-surefire-plugin/xsd/surefire-test-report-3.0.xsd" version="3.0" name="TestSuite" time="77.144" tests="9" errors="0" skipped="0" failures="2">
  <properties>
[...]
</properties>
  <testcase name="testDataCSV" classname="pomtest.POMTasking" time="6.868"/>
  <testcase name="testDataCSV" classname="pomtest.POMTasking" time="10.827"/>
  <testcase name="testDataCSV" classname="pomtest.POMTasking" time="7.674"/>
  <testcase name="testDataCSV" classname="pomtest.POMTasking" time="8.727"/>
  <testcase name="testDataCSV" classname="pomtest.POMTasking" time="3.113">
    <failure message="element click intercepted: Element &lt;a href=&quot;addAccount.php&quot;&gt;...&lt;/a&gt; is not clickable at point (120, 512). Other element would receive the click: &lt;p align=&quot;right&quot;&gt;...&lt;/p&gt;&#10;  (Session info: chrome=105.0.5195.125)&#10;Build info: version: &apos;4.4.0&apos;, revision: &apos;e5c75ed026a&apos;&#10;System info: host: &apos;LAPTOP-TPTMM17A&apos;, ip: &apos;192.168.50.247&apos;, os.name: &apos;Windows 10&apos;, os.arch: &apos;amd64&apos;, os.version: &apos;10.0&apos;, java.version: &apos;17.0.4.1&apos;&#10;Driver info: org.openqa.selenium.chrome.ChromeDriver&#10;Command: [7b17a6c7a4b3a41b248f4342e16d194c, clickElement {id=bd37ca78-2538-4b5a-9949-734d0fc404c9}]&#10;Capabilities {acceptInsecureCerts: false, browserName: chrome, browserVersion: 105.0.5195.125, chrome: {chromedriverVersion: 104.0.5112.29 (eff877e18f76..., userDataDir: C:\Users\LENOVO\AppData\Loc...}, goog:chromeOptions: {debuggerAddress: localhost:64449}, networkConnectionEnabled: false, pageLoadStrategy: normal, platformName: WINDOWS, proxy: Proxy(), se:cdp: ws://localhost:64449/devtoo..., se:cdpVersion: 105.0.5195.125, setWindowRect: true, strictFileInteractability: false, timeouts: {implicit: 0, pageLoad: 300000, script: 30000}, unhandledPromptBehavior: dismiss and notify, webauthn:extension:credBlob: true, webauthn:extension:largeBlob: true, webauthn:virtualAuthenticators: true}&#10;Element: [[ChromeDriver: chrome on WINDOWS (7b17a6c7a4b3a41b248f4342e16d194c)] -&gt; link text: New Account]&#10;Session ID: 7b17a6c7a4b3a41b248f4342e16d194c" type="org.openqa.selenium.ElementClickInterceptedException"><![CDATA[org.openqa.selenium.ElementClickInterceptedException: 
element click intercepted: Element <a href="addAccount.php">...</a> is not clickable at point (120, 512). Other element would receive the click: <p align="right">...</p>
  (Session info: chrome=105.0.5195.125)
Build info: version: '4.4.0', revision: 'e5c75ed026a'
System info: host: 'LAPTOP-TPTMM17A', ip: '192.168.50.247', os.name: 'Windows 10', os.arch: 'amd64', os.version: '10.0', java.version: '17.0.4.1'
Driver info: org.openqa.selenium.chrome.ChromeDriver
Command: [7b17a6c7a4b3a41b248f4342e16d194c, clickElement {id=bd37ca78-2538-4b5a-9949-734d0fc404c9}]
Capabilities {acceptInsecureCerts: false, browserName: chrome, browserVersion: 105.0.5195.125, chrome: {chromedriverVersion: 104.0.5112.29 (eff877e18f76..., userDataDir: C:\Users\LENOVO\AppData\Loc...}, goog:chromeOptions: {debuggerAddress: localhost:64449}, networkConnectionEnabled: false, pageLoadStrategy: normal, platformName: WINDOWS, proxy: Proxy(), se:cdp: ws://localhost:64449/devtoo..., se:cdpVersion: 105.0.5195.125, setWindowRect: true, strictFileInteractability: false, timeouts: {implicit: 0, pageLoad: 300000, script: 30000}, unhandledPromptBehavior: dismiss and notify, webauthn:extension:credBlob: true, webauthn:extension:largeBlob: true, webauthn:virtualAuthenticators: true}
Element: [[ChromeDriver: chrome on WINDOWS (7b17a6c7a4b3a41b248f4342e16d194c)] -> link text: New Account]
Session ID: 7b17a6c7a4b3a41b248f4342e16d194c
	at pomtest.POMTasking.testDataCSV(POMTasking.java:52)
]]></failure>
  </testcase>
  <testcase name="testDataCSV" classname="pomtest.POMTasking" time="7.91"/>
  <testcase name="testDataCSV" classname="pomtest.POMTasking" time="7.57"/>
  <testcase name="testDataCSV" classname="pomtest.POMTasking" time="7.799"/>
  <testcase name="testDataCSV" classname="pomtest.POMTasking" time="5.673">
    <failure message="Current Title NOT Contains LinkText" type="java.lang.AssertionError"><![CDATA[java.lang.AssertionError: Current Title NOT Contains LinkText
	at pomtest.POMTasking.testDataCSV(POMTasking.java:65)
]]></failure>
    <system-out><![CDATA[Link Text: Customised Statement		 Title: GTPL Bank Statement Page
Link Href: https://demo.guru99.com/V1/html/CustomisedStatementInput.php		 URL: https://demo.guru99.com/V1/html/CustomisedStatementInput.php
]]></system-out>
  </testcase>
</testsuite>