<?xml version="1.0" encoding="UTF-8"?>
<testng-results ignored="0" total="4" passed="0" failed="4" skipped="0">
  <reporter-output>
  </reporter-output>
  <suite started-at="2022-09-18T16:38:00 IDT" name="Check View Element Task" finished-at="2022-09-18T16:38:20 IDT" duration-ms="20089">
    <groups>
    </groups>
    <test started-at="2022-09-18T16:38:00 IDT" name="Testing Element - View" finished-at="2022-09-18T16:38:20 IDT" duration-ms="20089">
      <class name="elementtask.ViewElementTask">
        <test-method is-config="true" signature="beforeSuite(java.lang.String)[pri:0, instance:elementtask.ViewElementTask@2e385cce]" started-at="2022-09-18T16:37:51 IDT" name="beforeSuite" finished-at="2022-09-18T16:38:00 IDT" duration-ms="9062" status="PASS">
          <params>
            <param index="0">
              <value>
                <![CDATA[chrome]]>
              </value>
            </param>
          </params>
          <reporter-output>
          </reporter-output>
        </test-method> <!-- beforeSuite -->
        <test-method signature="testViewTask(org.openqa.selenium.WebElement,org.openqa.selenium.WebElement,org.openqa.selenium.WebElement,org.openqa.selenium.WebElement,org.openqa.selenium.WebElement,org.openqa.selenium.WebElement,org.openqa.selenium.WebElement)[pri:0, instance:elementtask.ViewElementTask@2e385cce]" started-at="2022-09-18T16:38:02 IDT" name="testViewTask" data-provider="viewTask" finished-at="2022-09-18T16:38:07 IDT" duration-ms="4293" status="FAIL">
          <params>
            <param index="0">
              <value>
                <![CDATA[[[[[[[ChromeDriver: chrome on WINDOWS (3f359c0f6d123640d72e3e510581f5c3)] -> class name: table]] -> xpath: //tbody/tr]] -> tag name: td]]]>
              </value>
            </param>
            <param index="1">
              <value>
                <![CDATA[[[[[[[ChromeDriver: chrome on WINDOWS (3f359c0f6d123640d72e3e510581f5c3)] -> class name: table]] -> xpath: //tbody/tr]] -> tag name: td]]]>
              </value>
            </param>
            <param index="2">
              <value>
                <![CDATA[[[[[[[ChromeDriver: chrome on WINDOWS (3f359c0f6d123640d72e3e510581f5c3)] -> class name: table]] -> xpath: //tbody/tr]] -> tag name: td]]]>
              </value>
            </param>
            <param index="3">
              <value>
                <![CDATA[[[[[[[ChromeDriver: chrome on WINDOWS (3f359c0f6d123640d72e3e510581f5c3)] -> class name: table]] -> xpath: //tbody/tr]] -> tag name: td]]]>
              </value>
            </param>
            <param index="4">
              <value>
                <![CDATA[[[[[[[ChromeDriver: chrome on WINDOWS (3f359c0f6d123640d72e3e510581f5c3)] -> class name: table]] -> xpath: //tbody/tr]] -> tag name: td]]]>
              </value>
            </param>
            <param index="5">
              <value>
                <![CDATA[[[[[[[ChromeDriver: chrome on WINDOWS (3f359c0f6d123640d72e3e510581f5c3)] -> class name: table]] -> xpath: //tbody/tr]] -> tag name: td]]]>
              </value>
            </param>
            <param index="6">
              <value>
                <![CDATA[[[[[[[ChromeDriver: chrome on WINDOWS (3f359c0f6d123640d72e3e510581f5c3)] -> class name: table]] -> xpath: //tbody/tr]] -> tag name: td]]]>
              </value>
            </param>
          </params>
          <exception class="org.openqa.selenium.StaleElementReferenceException">
            <message>
              <![CDATA[stale element reference: element is not attached to the page document
  (Session info: chrome=105.0.5195.127)
For documentation on this error, please visit: https://selenium.dev/exceptions/#stale_element_reference
Build info: version: '4.4.0', revision: 'e5c75ed026a'
System info: host: 'DESKTOP-D3N9BFH', ip: '192.168.50.167', os.name: 'Windows 10', os.arch: 'amd64', os.version: '10.0', java.version: '17.0.4'
Driver info: org.openqa.selenium.chrome.ChromeDriver
Command: [3f359c0f6d123640d72e3e510581f5c3, getElementText {id=1a4f18f2-f2e4-42a9-91f2-0182a5220826}]
Capabilities {acceptInsecureCerts: false, browserName: chrome, browserVersion: 105.0.5195.127, chrome: {chromedriverVersion: 104.0.5112.29 (eff877e18f76..., userDataDir: C:\Users\user\AppData\Local...}, goog:chromeOptions: {debuggerAddress: localhost:56157}, networkConnectionEnabled: false, pageLoadStrategy: normal, platformName: WINDOWS, proxy: Proxy(), se:cdp: ws://localhost:56157/devtoo..., se:cdpVersion: 105.0.5195.127, setWindowRect: true, strictFileInteractability: false, timeouts: {implicit: 0, pageLoad: 300000, script: 30000}, unhandledPromptBehavior: dismiss and notify, webauthn:extension:credBlob: true, webauthn:extension:largeBlob: true, webauthn:virtualAuthenticators: true}
Element: [[[[[[ChromeDriver: chrome on WINDOWS (3f359c0f6d123640d72e3e510581f5c3)] -> class name: table]] -> xpath: //tbody/tr]] -> tag name: td]
Session ID: 3f359c0f6d123640d72e3e510581f5c3]]>
            </message>
            <full-stacktrace>
              <![CDATA[org.openqa.selenium.StaleElementReferenceException: stale element reference: element is not attached to the page document
  (Session info: chrome=105.0.5195.127)
For documentation on this error, please visit: https://selenium.dev/exceptions/#stale_element_reference
Build info: version: '4.4.0', revision: 'e5c75ed026a'
System info: host: 'DESKTOP-D3N9BFH', ip: '192.168.50.167', os.name: 'Windows 10', os.arch: 'amd64', os.version: '10.0', java.version: '17.0.4'
Driver info: org.openqa.selenium.chrome.ChromeDriver
Command: [3f359c0f6d123640d72e3e510581f5c3, getElementText {id=1a4f18f2-f2e4-42a9-91f2-0182a5220826}]
Capabilities {acceptInsecureCerts: false, browserName: chrome, browserVersion: 105.0.5195.127, chrome: {chromedriverVersion: 104.0.5112.29 (eff877e18f76..., userDataDir: C:\Users\user\AppData\Local...}, goog:chromeOptions: {debuggerAddress: localhost:56157}, networkConnectionEnabled: false, pageLoadStrategy: normal, platformName: WINDOWS, proxy: Proxy(), se:cdp: ws://localhost:56157/devtoo..., se:cdpVersion: 105.0.5195.127, setWindowRect: true, strictFileInteractability: false, timeouts: {implicit: 0, pageLoad: 300000, script: 30000}, unhandledPromptBehavior: dismiss and notify, webauthn:extension:credBlob: true, webauthn:extension:largeBlob: true, webauthn:virtualAuthenticators: true}
Element: [[[[[[ChromeDriver: chrome on WINDOWS (3f359c0f6d123640d72e3e510581f5c3)] -> class name: table]] -> xpath: //tbody/tr]] -> tag name: td]
Session ID: 3f359c0f6d123640d72e3e510581f5c3
at java.base/jdk.internal.reflect.NativeConstructorAccessorImpl.newInstance0(Native Method)
at java.base/jdk.internal.reflect.NativeConstructorAccessorImpl.newInstance(NativeConstructorAccessorImpl.java:77)
at java.base/jdk.internal.reflect.DelegatingConstructorAccessorImpl.newInstance(DelegatingConstructorAccessorImpl.java:45)
at java.base/java.lang.reflect.Constructor.newInstanceWithCaller(Constructor.java:499)
at java.base/java.lang.reflect.Constructor.newInstance(Constructor.java:480)
at org.openqa.selenium.remote.codec.w3c.W3CHttpResponseCodec.createException(W3CHttpResponseCodec.java:200)
at org.openqa.selenium.remote.codec.w3c.W3CHttpResponseCodec.decode(W3CHttpResponseCodec.java:133)
at org.openqa.selenium.remote.codec.w3c.W3CHttpResponseCodec.decode(W3CHttpResponseCodec.java:53)
at org.openqa.selenium.remote.HttpCommandExecutor.execute(HttpCommandExecutor.java:184)
at org.openqa.selenium.remote.service.DriverCommandExecutor.invokeExecute(DriverCommandExecutor.java:167)
at org.openqa.selenium.remote.service.DriverCommandExecutor.execute(DriverCommandExecutor.java:142)
at org.openqa.selenium.remote.RemoteWebDriver.execute(RemoteWebDriver.java:547)
at org.openqa.selenium.remote.RemoteWebElement.execute(RemoteWebElement.java:257)
at org.openqa.selenium.remote.RemoteWebElement.getText(RemoteWebElement.java:207)
at elementtask.ViewElementTask.testViewTask(ViewElementTask.java:88)
at java.base/jdk.internal.reflect.NativeMethodAccessorImpl.invoke0(Native Method)
at java.base/jdk.internal.reflect.NativeMethodAccessorImpl.invoke(NativeMethodAccessorImpl.java:77)
at java.base/jdk.internal.reflect.DelegatingMethodAccessorImpl.invoke(DelegatingMethodAccessorImpl.java:43)
at java.base/java.lang.reflect.Method.invoke(Method.java:568)
at org.testng.internal.invokers.MethodInvocationHelper.invokeMethod(MethodInvocationHelper.java:139)
at org.testng.internal.invokers.TestInvoker.invokeMethod(TestInvoker.java:677)
at org.testng.internal.invokers.TestInvoker.invokeTestMethod(TestInvoker.java:221)
at org.testng.internal.invokers.MethodRunner.runInSequence(MethodRunner.java:50)
at org.testng.internal.invokers.TestInvoker$MethodInvocationAgent.invoke(TestInvoker.java:962)
at org.testng.internal.invokers.TestInvoker.invokeTestMethods(TestInvoker.java:194)
at org.testng.internal.invokers.TestMethodWorker.invokeTestMethods(TestMethodWorker.java:148)
at org.testng.internal.invokers.TestMethodWorker.run(TestMethodWorker.java:128)
at java.base/java.util.ArrayList.forEach(ArrayList.java:1511)
at org.testng.TestRunner.privateRun(TestRunner.java:806)
at org.testng.TestRunner.run(TestRunner.java:601)
at org.testng.SuiteRunner.runTest(SuiteRunner.java:433)
at org.testng.SuiteRunner.runSequentially(SuiteRunner.java:427)
at org.testng.SuiteRunner.privateRun(SuiteRunner.java:387)
at org.testng.SuiteRunner.run(SuiteRunner.java:330)
at org.testng.SuiteRunnerWorker.runSuite(SuiteRunnerWorker.java:52)
at org.testng.SuiteRunnerWorker.run(SuiteRunnerWorker.java:95)
at org.testng.TestNG.runSuitesSequentially(TestNG.java:1256)
at org.testng.TestNG.runSuitesLocally(TestNG.java:1176)
at org.testng.TestNG.runSuites(TestNG.java:1099)
at org.testng.TestNG.run(TestNG.java:1067)
at org.testng.remote.AbstractRemoteTestNG.run(AbstractRemoteTestNG.java:115)
at org.testng.remote.RemoteTestNG.initAndRun(RemoteTestNG.java:251)
at org.testng.remote.RemoteTestNG.main(RemoteTestNG.java:77)
]]>
            </full-stacktrace>
          </exception> <!-- org.openqa.selenium.StaleElementReferenceException -->
          <reporter-output>
          </reporter-output>
        </test-method> <!-- testViewTask -->
        <test-method signature="testViewTask(org.openqa.selenium.WebElement,org.openqa.selenium.WebElement,org.openqa.selenium.WebElement,org.openqa.selenium.WebElement,org.openqa.selenium.WebElement,org.openqa.selenium.WebElement,org.openqa.selenium.WebElement)[pri:0, instance:elementtask.ViewElementTask@2e385cce]" started-at="2022-09-18T16:38:07 IDT" name="testViewTask" data-provider="viewTask" finished-at="2022-09-18T16:38:11 IDT" duration-ms="4321" status="FAIL">
          <params>
            <param index="0">
              <value>
                <![CDATA[[[[[[[ChromeDriver: chrome on WINDOWS (3f359c0f6d123640d72e3e510581f5c3)] -> class name: table]] -> xpath: //tbody/tr]] -> tag name: td]]]>
              </value>
            </param>
            <param index="1">
              <value>
                <![CDATA[[[[[[[ChromeDriver: chrome on WINDOWS (3f359c0f6d123640d72e3e510581f5c3)] -> class name: table]] -> xpath: //tbody/tr]] -> tag name: td]]]>
              </value>
            </param>
            <param index="2">
              <value>
                <![CDATA[[[[[[[ChromeDriver: chrome on WINDOWS (3f359c0f6d123640d72e3e510581f5c3)] -> class name: table]] -> xpath: //tbody/tr]] -> tag name: td]]]>
              </value>
            </param>
            <param index="3">
              <value>
                <![CDATA[[[[[[[ChromeDriver: chrome on WINDOWS (3f359c0f6d123640d72e3e510581f5c3)] -> class name: table]] -> xpath: //tbody/tr]] -> tag name: td]]]>
              </value>
            </param>
            <param index="4">
              <value>
                <![CDATA[[[[[[[ChromeDriver: chrome on WINDOWS (3f359c0f6d123640d72e3e510581f5c3)] -> class name: table]] -> xpath: //tbody/tr]] -> tag name: td]]]>
              </value>
            </param>
            <param index="5">
              <value>
                <![CDATA[[[[[[[ChromeDriver: chrome on WINDOWS (3f359c0f6d123640d72e3e510581f5c3)] -> class name: table]] -> xpath: //tbody/tr]] -> tag name: td]]]>
              </value>
            </param>
            <param index="6">
              <value>
                <![CDATA[[[[[[[ChromeDriver: chrome on WINDOWS (3f359c0f6d123640d72e3e510581f5c3)] -> class name: table]] -> xpath: //tbody/tr]] -> tag name: td]]]>
              </value>
            </param>
          </params>
          <exception class="org.openqa.selenium.StaleElementReferenceException">
            <message>
              <![CDATA[stale element reference: element is not attached to the page document
  (Session info: chrome=105.0.5195.127)
For documentation on this error, please visit: https://selenium.dev/exceptions/#stale_element_reference
Build info: version: '4.4.0', revision: 'e5c75ed026a'
System info: host: 'DESKTOP-D3N9BFH', ip: '192.168.50.167', os.name: 'Windows 10', os.arch: 'amd64', os.version: '10.0', java.version: '17.0.4'
Driver info: org.openqa.selenium.chrome.ChromeDriver
Command: [3f359c0f6d123640d72e3e510581f5c3, getElementText {id=97837ca7-43be-4d0f-8939-4a71cbc298f3}]
Capabilities {acceptInsecureCerts: false, browserName: chrome, browserVersion: 105.0.5195.127, chrome: {chromedriverVersion: 104.0.5112.29 (eff877e18f76..., userDataDir: C:\Users\user\AppData\Local...}, goog:chromeOptions: {debuggerAddress: localhost:56157}, networkConnectionEnabled: false, pageLoadStrategy: normal, platformName: WINDOWS, proxy: Proxy(), se:cdp: ws://localhost:56157/devtoo..., se:cdpVersion: 105.0.5195.127, setWindowRect: true, strictFileInteractability: false, timeouts: {implicit: 0, pageLoad: 300000, script: 30000}, unhandledPromptBehavior: dismiss and notify, webauthn:extension:credBlob: true, webauthn:extension:largeBlob: true, webauthn:virtualAuthenticators: true}
Element: [[[[[[ChromeDriver: chrome on WINDOWS (3f359c0f6d123640d72e3e510581f5c3)] -> class name: table]] -> xpath: //tbody/tr]] -> tag name: td]
Session ID: 3f359c0f6d123640d72e3e510581f5c3]]>
            </message>
            <full-stacktrace>
              <![CDATA[org.openqa.selenium.StaleElementReferenceException: stale element reference: element is not attached to the page document
  (Session info: chrome=105.0.5195.127)
For documentation on this error, please visit: https://selenium.dev/exceptions/#stale_element_reference
Build info: version: '4.4.0', revision: 'e5c75ed026a'
System info: host: 'DESKTOP-D3N9BFH', ip: '192.168.50.167', os.name: 'Windows 10', os.arch: 'amd64', os.version: '10.0', java.version: '17.0.4'
Driver info: org.openqa.selenium.chrome.ChromeDriver
Command: [3f359c0f6d123640d72e3e510581f5c3, getElementText {id=97837ca7-43be-4d0f-8939-4a71cbc298f3}]
Capabilities {acceptInsecureCerts: false, browserName: chrome, browserVersion: 105.0.5195.127, chrome: {chromedriverVersion: 104.0.5112.29 (eff877e18f76..., userDataDir: C:\Users\user\AppData\Local...}, goog:chromeOptions: {debuggerAddress: localhost:56157}, networkConnectionEnabled: false, pageLoadStrategy: normal, platformName: WINDOWS, proxy: Proxy(), se:cdp: ws://localhost:56157/devtoo..., se:cdpVersion: 105.0.5195.127, setWindowRect: true, strictFileInteractability: false, timeouts: {implicit: 0, pageLoad: 300000, script: 30000}, unhandledPromptBehavior: dismiss and notify, webauthn:extension:credBlob: true, webauthn:extension:largeBlob: true, webauthn:virtualAuthenticators: true}
Element: [[[[[[ChromeDriver: chrome on WINDOWS (3f359c0f6d123640d72e3e510581f5c3)] -> class name: table]] -> xpath: //tbody/tr]] -> tag name: td]
Session ID: 3f359c0f6d123640d72e3e510581f5c3
at java.base/jdk.internal.reflect.NativeConstructorAccessorImpl.newInstance0(Native Method)
at java.base/jdk.internal.reflect.NativeConstructorAccessorImpl.newInstance(NativeConstructorAccessorImpl.java:77)
at java.base/jdk.internal.reflect.DelegatingConstructorAccessorImpl.newInstance(DelegatingConstructorAccessorImpl.java:45)
at java.base/java.lang.reflect.Constructor.newInstanceWithCaller(Constructor.java:499)
at java.base/java.lang.reflect.Constructor.newInstance(Constructor.java:480)
at org.openqa.selenium.remote.codec.w3c.W3CHttpResponseCodec.createException(W3CHttpResponseCodec.java:200)
at org.openqa.selenium.remote.codec.w3c.W3CHttpResponseCodec.decode(W3CHttpResponseCodec.java:133)
at org.openqa.selenium.remote.codec.w3c.W3CHttpResponseCodec.decode(W3CHttpResponseCodec.java:53)
at org.openqa.selenium.remote.HttpCommandExecutor.execute(HttpCommandExecutor.java:184)
at org.openqa.selenium.remote.service.DriverCommandExecutor.invokeExecute(DriverCommandExecutor.java:167)
at org.openqa.selenium.remote.service.DriverCommandExecutor.execute(DriverCommandExecutor.java:142)
at org.openqa.selenium.remote.RemoteWebDriver.execute(RemoteWebDriver.java:547)
at org.openqa.selenium.remote.RemoteWebElement.execute(RemoteWebElement.java:257)
at org.openqa.selenium.remote.RemoteWebElement.getText(RemoteWebElement.java:207)
at elementtask.ViewElementTask.testViewTask(ViewElementTask.java:88)
at java.base/jdk.internal.reflect.NativeMethodAccessorImpl.invoke0(Native Method)
at java.base/jdk.internal.reflect.NativeMethodAccessorImpl.invoke(NativeMethodAccessorImpl.java:77)
at java.base/jdk.internal.reflect.DelegatingMethodAccessorImpl.invoke(DelegatingMethodAccessorImpl.java:43)
at java.base/java.lang.reflect.Method.invoke(Method.java:568)
at org.testng.internal.invokers.MethodInvocationHelper.invokeMethod(MethodInvocationHelper.java:139)
at org.testng.internal.invokers.TestInvoker.invokeMethod(TestInvoker.java:677)
at org.testng.internal.invokers.TestInvoker.invokeTestMethod(TestInvoker.java:221)
at org.testng.internal.invokers.MethodRunner.runInSequence(MethodRunner.java:50)
at org.testng.internal.invokers.TestInvoker$MethodInvocationAgent.invoke(TestInvoker.java:962)
at org.testng.internal.invokers.TestInvoker.invokeTestMethods(TestInvoker.java:194)
at org.testng.internal.invokers.TestMethodWorker.invokeTestMethods(TestMethodWorker.java:148)
at org.testng.internal.invokers.TestMethodWorker.run(TestMethodWorker.java:128)
at java.base/java.util.ArrayList.forEach(ArrayList.java:1511)
at org.testng.TestRunner.privateRun(TestRunner.java:806)
at org.testng.TestRunner.run(TestRunner.java:601)
at org.testng.SuiteRunner.runTest(SuiteRunner.java:433)
at org.testng.SuiteRunner.runSequentially(SuiteRunner.java:427)
at org.testng.SuiteRunner.privateRun(SuiteRunner.java:387)
at org.testng.SuiteRunner.run(SuiteRunner.java:330)
at org.testng.SuiteRunnerWorker.runSuite(SuiteRunnerWorker.java:52)
at org.testng.SuiteRunnerWorker.run(SuiteRunnerWorker.java:95)
at org.testng.TestNG.runSuitesSequentially(TestNG.java:1256)
at org.testng.TestNG.runSuitesLocally(TestNG.java:1176)
at org.testng.TestNG.runSuites(TestNG.java:1099)
at org.testng.TestNG.run(TestNG.java:1067)
at org.testng.remote.AbstractRemoteTestNG.run(AbstractRemoteTestNG.java:115)
at org.testng.remote.RemoteTestNG.initAndRun(RemoteTestNG.java:251)
at org.testng.remote.RemoteTestNG.main(RemoteTestNG.java:77)
]]>
            </full-stacktrace>
          </exception> <!-- org.openqa.selenium.StaleElementReferenceException -->
          <reporter-output>
          </reporter-output>
        </test-method> <!-- testViewTask -->
        <test-method signature="testViewTask(org.openqa.selenium.WebElement,org.openqa.selenium.WebElement,org.openqa.selenium.WebElement,org.openqa.selenium.WebElement,org.openqa.selenium.WebElement,org.openqa.selenium.WebElement,org.openqa.selenium.WebElement)[pri:0, instance:elementtask.ViewElementTask@2e385cce]" started-at="2022-09-18T16:38:11 IDT" name="testViewTask" data-provider="viewTask" finished-at="2022-09-18T16:38:16 IDT" duration-ms="4512" status="FAIL">
          <params>
            <param index="0">
              <value>
                <![CDATA[[[[[[[ChromeDriver: chrome on WINDOWS (3f359c0f6d123640d72e3e510581f5c3)] -> class name: table]] -> xpath: //tbody/tr]] -> tag name: td]]]>
              </value>
            </param>
            <param index="1">
              <value>
                <![CDATA[[[[[[[ChromeDriver: chrome on WINDOWS (3f359c0f6d123640d72e3e510581f5c3)] -> class name: table]] -> xpath: //tbody/tr]] -> tag name: td]]]>
              </value>
            </param>
            <param index="2">
              <value>
                <![CDATA[[[[[[[ChromeDriver: chrome on WINDOWS (3f359c0f6d123640d72e3e510581f5c3)] -> class name: table]] -> xpath: //tbody/tr]] -> tag name: td]]]>
              </value>
            </param>
            <param index="3">
              <value>
                <![CDATA[[[[[[[ChromeDriver: chrome on WINDOWS (3f359c0f6d123640d72e3e510581f5c3)] -> class name: table]] -> xpath: //tbody/tr]] -> tag name: td]]]>
              </value>
            </param>
            <param index="4">
              <value>
                <![CDATA[[[[[[[ChromeDriver: chrome on WINDOWS (3f359c0f6d123640d72e3e510581f5c3)] -> class name: table]] -> xpath: //tbody/tr]] -> tag name: td]]]>
              </value>
            </param>
            <param index="5">
              <value>
                <![CDATA[[[[[[[ChromeDriver: chrome on WINDOWS (3f359c0f6d123640d72e3e510581f5c3)] -> class name: table]] -> xpath: //tbody/tr]] -> tag name: td]]]>
              </value>
            </param>
            <param index="6">
              <value>
                <![CDATA[[[[[[[ChromeDriver: chrome on WINDOWS (3f359c0f6d123640d72e3e510581f5c3)] -> class name: table]] -> xpath: //tbody/tr]] -> tag name: td]]]>
              </value>
            </param>
          </params>
          <exception class="org.openqa.selenium.StaleElementReferenceException">
            <message>
              <![CDATA[stale element reference: element is not attached to the page document
  (Session info: chrome=105.0.5195.127)
For documentation on this error, please visit: https://selenium.dev/exceptions/#stale_element_reference
Build info: version: '4.4.0', revision: 'e5c75ed026a'
System info: host: 'DESKTOP-D3N9BFH', ip: '192.168.50.167', os.name: 'Windows 10', os.arch: 'amd64', os.version: '10.0', java.version: '17.0.4'
Driver info: org.openqa.selenium.chrome.ChromeDriver
Command: [3f359c0f6d123640d72e3e510581f5c3, getElementText {id=14334492-c02c-4c79-a48d-7da5b1ec8a40}]
Capabilities {acceptInsecureCerts: false, browserName: chrome, browserVersion: 105.0.5195.127, chrome: {chromedriverVersion: 104.0.5112.29 (eff877e18f76..., userDataDir: C:\Users\user\AppData\Local...}, goog:chromeOptions: {debuggerAddress: localhost:56157}, networkConnectionEnabled: false, pageLoadStrategy: normal, platformName: WINDOWS, proxy: Proxy(), se:cdp: ws://localhost:56157/devtoo..., se:cdpVersion: 105.0.5195.127, setWindowRect: true, strictFileInteractability: false, timeouts: {implicit: 0, pageLoad: 300000, script: 30000}, unhandledPromptBehavior: dismiss and notify, webauthn:extension:credBlob: true, webauthn:extension:largeBlob: true, webauthn:virtualAuthenticators: true}
Element: [[[[[[ChromeDriver: chrome on WINDOWS (3f359c0f6d123640d72e3e510581f5c3)] -> class name: table]] -> xpath: //tbody/tr]] -> tag name: td]
Session ID: 3f359c0f6d123640d72e3e510581f5c3]]>
            </message>
            <full-stacktrace>
              <![CDATA[org.openqa.selenium.StaleElementReferenceException: stale element reference: element is not attached to the page document
  (Session info: chrome=105.0.5195.127)
For documentation on this error, please visit: https://selenium.dev/exceptions/#stale_element_reference
Build info: version: '4.4.0', revision: 'e5c75ed026a'
System info: host: 'DESKTOP-D3N9BFH', ip: '192.168.50.167', os.name: 'Windows 10', os.arch: 'amd64', os.version: '10.0', java.version: '17.0.4'
Driver info: org.openqa.selenium.chrome.ChromeDriver
Command: [3f359c0f6d123640d72e3e510581f5c3, getElementText {id=14334492-c02c-4c79-a48d-7da5b1ec8a40}]
Capabilities {acceptInsecureCerts: false, browserName: chrome, browserVersion: 105.0.5195.127, chrome: {chromedriverVersion: 104.0.5112.29 (eff877e18f76..., userDataDir: C:\Users\user\AppData\Local...}, goog:chromeOptions: {debuggerAddress: localhost:56157}, networkConnectionEnabled: false, pageLoadStrategy: normal, platformName: WINDOWS, proxy: Proxy(), se:cdp: ws://localhost:56157/devtoo..., se:cdpVersion: 105.0.5195.127, setWindowRect: true, strictFileInteractability: false, timeouts: {implicit: 0, pageLoad: 300000, script: 30000}, unhandledPromptBehavior: dismiss and notify, webauthn:extension:credBlob: true, webauthn:extension:largeBlob: true, webauthn:virtualAuthenticators: true}
Element: [[[[[[ChromeDriver: chrome on WINDOWS (3f359c0f6d123640d72e3e510581f5c3)] -> class name: table]] -> xpath: //tbody/tr]] -> tag name: td]
Session ID: 3f359c0f6d123640d72e3e510581f5c3
at java.base/jdk.internal.reflect.NativeConstructorAccessorImpl.newInstance0(Native Method)
at java.base/jdk.internal.reflect.NativeConstructorAccessorImpl.newInstance(NativeConstructorAccessorImpl.java:77)
at java.base/jdk.internal.reflect.DelegatingConstructorAccessorImpl.newInstance(DelegatingConstructorAccessorImpl.java:45)
at java.base/java.lang.reflect.Constructor.newInstanceWithCaller(Constructor.java:499)
at java.base/java.lang.reflect.Constructor.newInstance(Constructor.java:480)
at org.openqa.selenium.remote.codec.w3c.W3CHttpResponseCodec.createException(W3CHttpResponseCodec.java:200)
at org.openqa.selenium.remote.codec.w3c.W3CHttpResponseCodec.decode(W3CHttpResponseCodec.java:133)
at org.openqa.selenium.remote.codec.w3c.W3CHttpResponseCodec.decode(W3CHttpResponseCodec.java:53)
at org.openqa.selenium.remote.HttpCommandExecutor.execute(HttpCommandExecutor.java:184)
at org.openqa.selenium.remote.service.DriverCommandExecutor.invokeExecute(DriverCommandExecutor.java:167)
at org.openqa.selenium.remote.service.DriverCommandExecutor.execute(DriverCommandExecutor.java:142)
at org.openqa.selenium.remote.RemoteWebDriver.execute(RemoteWebDriver.java:547)
at org.openqa.selenium.remote.RemoteWebElement.execute(RemoteWebElement.java:257)
at org.openqa.selenium.remote.RemoteWebElement.getText(RemoteWebElement.java:207)
at elementtask.ViewElementTask.testViewTask(ViewElementTask.java:88)
at java.base/jdk.internal.reflect.NativeMethodAccessorImpl.invoke0(Native Method)
at java.base/jdk.internal.reflect.NativeMethodAccessorImpl.invoke(NativeMethodAccessorImpl.java:77)
at java.base/jdk.internal.reflect.DelegatingMethodAccessorImpl.invoke(DelegatingMethodAccessorImpl.java:43)
at java.base/java.lang.reflect.Method.invoke(Method.java:568)
at org.testng.internal.invokers.MethodInvocationHelper.invokeMethod(MethodInvocationHelper.java:139)
at org.testng.internal.invokers.TestInvoker.invokeMethod(TestInvoker.java:677)
at org.testng.internal.invokers.TestInvoker.invokeTestMethod(TestInvoker.java:221)
at org.testng.internal.invokers.MethodRunner.runInSequence(MethodRunner.java:50)
at org.testng.internal.invokers.TestInvoker$MethodInvocationAgent.invoke(TestInvoker.java:962)
at org.testng.internal.invokers.TestInvoker.invokeTestMethods(TestInvoker.java:194)
at org.testng.internal.invokers.TestMethodWorker.invokeTestMethods(TestMethodWorker.java:148)
at org.testng.internal.invokers.TestMethodWorker.run(TestMethodWorker.java:128)
at java.base/java.util.ArrayList.forEach(ArrayList.java:1511)
at org.testng.TestRunner.privateRun(TestRunner.java:806)
at org.testng.TestRunner.run(TestRunner.java:601)
at org.testng.SuiteRunner.runTest(SuiteRunner.java:433)
at org.testng.SuiteRunner.runSequentially(SuiteRunner.java:427)
at org.testng.SuiteRunner.privateRun(SuiteRunner.java:387)
at org.testng.SuiteRunner.run(SuiteRunner.java:330)
at org.testng.SuiteRunnerWorker.runSuite(SuiteRunnerWorker.java:52)
at org.testng.SuiteRunnerWorker.run(SuiteRunnerWorker.java:95)
at org.testng.TestNG.runSuitesSequentially(TestNG.java:1256)
at org.testng.TestNG.runSuitesLocally(TestNG.java:1176)
at org.testng.TestNG.runSuites(TestNG.java:1099)
at org.testng.TestNG.run(TestNG.java:1067)
at org.testng.remote.AbstractRemoteTestNG.run(AbstractRemoteTestNG.java:115)
at org.testng.remote.RemoteTestNG.initAndRun(RemoteTestNG.java:251)
at org.testng.remote.RemoteTestNG.main(RemoteTestNG.java:77)
]]>
            </full-stacktrace>
          </exception> <!-- org.openqa.selenium.StaleElementReferenceException -->
          <reporter-output>
          </reporter-output>
        </test-method> <!-- testViewTask -->
        <test-method signature="testViewTask(org.openqa.selenium.WebElement,org.openqa.selenium.WebElement,org.openqa.selenium.WebElement,org.openqa.selenium.WebElement,org.openqa.selenium.WebElement,org.openqa.selenium.WebElement,org.openqa.selenium.WebElement)[pri:0, instance:elementtask.ViewElementTask@2e385cce]" started-at="2022-09-18T16:38:16 IDT" name="testViewTask" data-provider="viewTask" finished-at="2022-09-18T16:38:20 IDT" duration-ms="4368" status="FAIL">
          <params>
            <param index="0">
              <value>
                <![CDATA[[[[[[[ChromeDriver: chrome on WINDOWS (3f359c0f6d123640d72e3e510581f5c3)] -> class name: table]] -> xpath: //tbody/tr]] -> tag name: td]]]>
              </value>
            </param>
            <param index="1">
              <value>
                <![CDATA[[[[[[[ChromeDriver: chrome on WINDOWS (3f359c0f6d123640d72e3e510581f5c3)] -> class name: table]] -> xpath: //tbody/tr]] -> tag name: td]]]>
              </value>
            </param>
            <param index="2">
              <value>
                <![CDATA[[[[[[[ChromeDriver: chrome on WINDOWS (3f359c0f6d123640d72e3e510581f5c3)] -> class name: table]] -> xpath: //tbody/tr]] -> tag name: td]]]>
              </value>
            </param>
            <param index="3">
              <value>
                <![CDATA[[[[[[[ChromeDriver: chrome on WINDOWS (3f359c0f6d123640d72e3e510581f5c3)] -> class name: table]] -> xpath: //tbody/tr]] -> tag name: td]]]>
              </value>
            </param>
            <param index="4">
              <value>
                <![CDATA[[[[[[[ChromeDriver: chrome on WINDOWS (3f359c0f6d123640d72e3e510581f5c3)] -> class name: table]] -> xpath: //tbody/tr]] -> tag name: td]]]>
              </value>
            </param>
            <param index="5">
              <value>
                <![CDATA[[[[[[[ChromeDriver: chrome on WINDOWS (3f359c0f6d123640d72e3e510581f5c3)] -> class name: table]] -> xpath: //tbody/tr]] -> tag name: td]]]>
              </value>
            </param>
            <param index="6">
              <value>
                <![CDATA[[[[[[[ChromeDriver: chrome on WINDOWS (3f359c0f6d123640d72e3e510581f5c3)] -> class name: table]] -> xpath: //tbody/tr]] -> tag name: td]]]>
              </value>
            </param>
          </params>
          <exception class="org.openqa.selenium.StaleElementReferenceException">
            <message>
              <![CDATA[stale element reference: element is not attached to the page document
  (Session info: chrome=105.0.5195.127)
For documentation on this error, please visit: https://selenium.dev/exceptions/#stale_element_reference
Build info: version: '4.4.0', revision: 'e5c75ed026a'
System info: host: 'DESKTOP-D3N9BFH', ip: '192.168.50.167', os.name: 'Windows 10', os.arch: 'amd64', os.version: '10.0', java.version: '17.0.4'
Driver info: org.openqa.selenium.chrome.ChromeDriver
Command: [3f359c0f6d123640d72e3e510581f5c3, getElementText {id=e4eea29b-a041-4d70-bf0f-4dcbb796cfd1}]
Capabilities {acceptInsecureCerts: false, browserName: chrome, browserVersion: 105.0.5195.127, chrome: {chromedriverVersion: 104.0.5112.29 (eff877e18f76..., userDataDir: C:\Users\user\AppData\Local...}, goog:chromeOptions: {debuggerAddress: localhost:56157}, networkConnectionEnabled: false, pageLoadStrategy: normal, platformName: WINDOWS, proxy: Proxy(), se:cdp: ws://localhost:56157/devtoo..., se:cdpVersion: 105.0.5195.127, setWindowRect: true, strictFileInteractability: false, timeouts: {implicit: 0, pageLoad: 300000, script: 30000}, unhandledPromptBehavior: dismiss and notify, webauthn:extension:credBlob: true, webauthn:extension:largeBlob: true, webauthn:virtualAuthenticators: true}
Element: [[[[[[ChromeDriver: chrome on WINDOWS (3f359c0f6d123640d72e3e510581f5c3)] -> class name: table]] -> xpath: //tbody/tr]] -> tag name: td]
Session ID: 3f359c0f6d123640d72e3e510581f5c3]]>
            </message>
            <full-stacktrace>
              <![CDATA[org.openqa.selenium.StaleElementReferenceException: stale element reference: element is not attached to the page document
  (Session info: chrome=105.0.5195.127)
For documentation on this error, please visit: https://selenium.dev/exceptions/#stale_element_reference
Build info: version: '4.4.0', revision: 'e5c75ed026a'
System info: host: 'DESKTOP-D3N9BFH', ip: '192.168.50.167', os.name: 'Windows 10', os.arch: 'amd64', os.version: '10.0', java.version: '17.0.4'
Driver info: org.openqa.selenium.chrome.ChromeDriver
Command: [3f359c0f6d123640d72e3e510581f5c3, getElementText {id=e4eea29b-a041-4d70-bf0f-4dcbb796cfd1}]
Capabilities {acceptInsecureCerts: false, browserName: chrome, browserVersion: 105.0.5195.127, chrome: {chromedriverVersion: 104.0.5112.29 (eff877e18f76..., userDataDir: C:\Users\user\AppData\Local...}, goog:chromeOptions: {debuggerAddress: localhost:56157}, networkConnectionEnabled: false, pageLoadStrategy: normal, platformName: WINDOWS, proxy: Proxy(), se:cdp: ws://localhost:56157/devtoo..., se:cdpVersion: 105.0.5195.127, setWindowRect: true, strictFileInteractability: false, timeouts: {implicit: 0, pageLoad: 300000, script: 30000}, unhandledPromptBehavior: dismiss and notify, webauthn:extension:credBlob: true, webauthn:extension:largeBlob: true, webauthn:virtualAuthenticators: true}
Element: [[[[[[ChromeDriver: chrome on WINDOWS (3f359c0f6d123640d72e3e510581f5c3)] -> class name: table]] -> xpath: //tbody/tr]] -> tag name: td]
Session ID: 3f359c0f6d123640d72e3e510581f5c3
at java.base/jdk.internal.reflect.NativeConstructorAccessorImpl.newInstance0(Native Method)
at java.base/jdk.internal.reflect.NativeConstructorAccessorImpl.newInstance(NativeConstructorAccessorImpl.java:77)
at java.base/jdk.internal.reflect.DelegatingConstructorAccessorImpl.newInstance(DelegatingConstructorAccessorImpl.java:45)
at java.base/java.lang.reflect.Constructor.newInstanceWithCaller(Constructor.java:499)
at java.base/java.lang.reflect.Constructor.newInstance(Constructor.java:480)
at org.openqa.selenium.remote.codec.w3c.W3CHttpResponseCodec.createException(W3CHttpResponseCodec.java:200)
at org.openqa.selenium.remote.codec.w3c.W3CHttpResponseCodec.decode(W3CHttpResponseCodec.java:133)
at org.openqa.selenium.remote.codec.w3c.W3CHttpResponseCodec.decode(W3CHttpResponseCodec.java:53)
at org.openqa.selenium.remote.HttpCommandExecutor.execute(HttpCommandExecutor.java:184)
at org.openqa.selenium.remote.service.DriverCommandExecutor.invokeExecute(DriverCommandExecutor.java:167)
at org.openqa.selenium.remote.service.DriverCommandExecutor.execute(DriverCommandExecutor.java:142)
at org.openqa.selenium.remote.RemoteWebDriver.execute(RemoteWebDriver.java:547)
at org.openqa.selenium.remote.RemoteWebElement.execute(RemoteWebElement.java:257)
at org.openqa.selenium.remote.RemoteWebElement.getText(RemoteWebElement.java:207)
at elementtask.ViewElementTask.testViewTask(ViewElementTask.java:88)
at java.base/jdk.internal.reflect.NativeMethodAccessorImpl.invoke0(Native Method)
at java.base/jdk.internal.reflect.NativeMethodAccessorImpl.invoke(NativeMethodAccessorImpl.java:77)
at java.base/jdk.internal.reflect.DelegatingMethodAccessorImpl.invoke(DelegatingMethodAccessorImpl.java:43)
at java.base/java.lang.reflect.Method.invoke(Method.java:568)
at org.testng.internal.invokers.MethodInvocationHelper.invokeMethod(MethodInvocationHelper.java:139)
at org.testng.internal.invokers.TestInvoker.invokeMethod(TestInvoker.java:677)
at org.testng.internal.invokers.TestInvoker.invokeTestMethod(TestInvoker.java:221)
at org.testng.internal.invokers.MethodRunner.runInSequence(MethodRunner.java:50)
at org.testng.internal.invokers.TestInvoker$MethodInvocationAgent.invoke(TestInvoker.java:962)
at org.testng.internal.invokers.TestInvoker.invokeTestMethods(TestInvoker.java:194)
at org.testng.internal.invokers.TestMethodWorker.invokeTestMethods(TestMethodWorker.java:148)
at org.testng.internal.invokers.TestMethodWorker.run(TestMethodWorker.java:128)
at java.base/java.util.ArrayList.forEach(ArrayList.java:1511)
at org.testng.TestRunner.privateRun(TestRunner.java:806)
at org.testng.TestRunner.run(TestRunner.java:601)
at org.testng.SuiteRunner.runTest(SuiteRunner.java:433)
at org.testng.SuiteRunner.runSequentially(SuiteRunner.java:427)
at org.testng.SuiteRunner.privateRun(SuiteRunner.java:387)
at org.testng.SuiteRunner.run(SuiteRunner.java:330)
at org.testng.SuiteRunnerWorker.runSuite(SuiteRunnerWorker.java:52)
at org.testng.SuiteRunnerWorker.run(SuiteRunnerWorker.java:95)
at org.testng.TestNG.runSuitesSequentially(TestNG.java:1256)
at org.testng.TestNG.runSuitesLocally(TestNG.java:1176)
at org.testng.TestNG.runSuites(TestNG.java:1099)
at org.testng.TestNG.run(TestNG.java:1067)
at org.testng.remote.AbstractRemoteTestNG.run(AbstractRemoteTestNG.java:115)
at org.testng.remote.RemoteTestNG.initAndRun(RemoteTestNG.java:251)
at org.testng.remote.RemoteTestNG.main(RemoteTestNG.java:77)
]]>
            </full-stacktrace>
          </exception> <!-- org.openqa.selenium.StaleElementReferenceException -->
          <reporter-output>
          </reporter-output>
        </test-method> <!-- testViewTask -->
        <test-method is-config="true" signature="afterSuite()[pri:0, instance:elementtask.ViewElementTask@2e385cce]" started-at="2022-09-18T16:38:20 IDT" name="afterSuite" finished-at="2022-09-18T16:38:21 IDT" duration-ms="1116" status="PASS">
          <reporter-output>
          </reporter-output>
        </test-method> <!-- afterSuite -->
      </class> <!-- elementtask.ViewElementTask -->
    </test> <!-- Testing Element - View -->
  </suite> <!-- Check View Element Task -->
</testng-results>
