<?xml version="1.0" encoding="UTF-8"?>
<testng-results ignored="0" total="3" passed="3" failed="0" skipped="0">
  <reporter-output>
  </reporter-output>
  <suite started-at="2022-09-26T16:27:39 IDT" name="Trello Task" finished-at="2022-09-26T16:33:22 IDT" duration-ms="342731">
    <groups>
    </groups>
    <test started-at="2022-09-26T16:27:39 IDT" name="Trello Task - Chrome" finished-at="2022-09-26T16:29:31 IDT" duration-ms="111786">
      <class name="trello.TrelloTask">
        <test-method is-config="true" signature="beforeTest(java.lang.String)[pri:0, instance:trello.TrelloTask@1ddf84b8]" started-at="2022-09-26T16:27:39 IDT" name="beforeTest" finished-at="2022-09-26T16:27:50 IDT" duration-ms="10790" status="PASS">
          <params>
            <param index="0">
              <value>
                <![CDATA[chrome]]>
              </value>
            </param>
          </params>
          <reporter-output>
          </reporter-output>
        </test-method> <!-- beforeTest -->
        <test-method signature="trelloTest()[pri:0, instance:trello.TrelloTask@1ddf84b8]" started-at="2022-09-26T16:27:50 IDT" name="trelloTest" finished-at="2022-09-26T16:29:28 IDT" duration-ms="98402" status="PASS">
          <reporter-output>
          </reporter-output>
        </test-method> <!-- trelloTest -->
        <test-method is-config="true" signature="afterTest()[pri:0, instance:trello.TrelloTask@1ddf84b8]" started-at="2022-09-26T16:29:28 IDT" name="afterTest" finished-at="2022-09-26T16:29:31 IDT" duration-ms="2563" status="PASS">
          <reporter-output>
          </reporter-output>
        </test-method> <!-- afterTest -->
      </class> <!-- trello.TrelloTask -->
    </test> <!-- Trello Task - Chrome -->
    <test started-at="2022-09-26T16:29:31 IDT" name="Trello Task - Edge" finished-at="2022-09-26T16:31:19 IDT" duration-ms="108340">
      <class name="trello.TrelloTask">
        <test-method is-config="true" signature="beforeTest(java.lang.String)[pri:0, instance:trello.TrelloTask@20ce78ec]" started-at="2022-09-26T16:29:31 IDT" name="beforeTest" finished-at="2022-09-26T16:29:41 IDT" duration-ms="10584" status="PASS">
          <params>
            <param index="0">
              <value>
                <![CDATA[edge]]>
              </value>
            </param>
          </params>
          <reporter-output>
          </reporter-output>
        </test-method> <!-- beforeTest -->
        <test-method signature="trelloTest()[pri:0, instance:trello.TrelloTask@20ce78ec]" started-at="2022-09-26T16:29:41 IDT" name="trelloTest" finished-at="2022-09-26T16:31:16 IDT" duration-ms="95080" status="PASS">
          <reporter-output>
          </reporter-output>
        </test-method> <!-- trelloTest -->
        <test-method is-config="true" signature="afterTest()[pri:0, instance:trello.TrelloTask@20ce78ec]" started-at="2022-09-26T16:31:16 IDT" name="afterTest" finished-at="2022-09-26T16:31:19 IDT" duration-ms="2672" status="PASS">
          <reporter-output>
          </reporter-output>
        </test-method> <!-- afterTest -->
      </class> <!-- trello.TrelloTask -->
    </test> <!-- Trello Task - Edge -->
    <test started-at="2022-09-26T16:31:19 IDT" name="Trello Task - FireFox" finished-at="2022-09-26T16:33:22 IDT" duration-ms="122556">
      <class name="trello.TrelloTask">
        <test-method is-config="true" signature="beforeSuite(java.lang.String)[pri:0, instance:trello.TrelloTask@55b7a4e0]" started-at="2022-09-26T16:27:39 IDT" name="beforeSuite" finished-at="2022-09-26T16:27:39 IDT" duration-ms="32" status="PASS">
          <params>
            <param index="0">
              <value>
                <![CDATA[./src/files/input.csv]]>
              </value>
            </param>
          </params>
          <reporter-output>
          </reporter-output>
        </test-method> <!-- beforeSuite -->
        <test-method is-config="true" signature="beforeTest(java.lang.String)[pri:0, instance:trello.TrelloTask@55b7a4e0]" started-at="2022-09-26T16:31:19 IDT" name="beforeTest" finished-at="2022-09-26T16:31:33 IDT" duration-ms="13368" status="PASS">
          <params>
            <param index="0">
              <value>
                <![CDATA[firefox]]>
              </value>
            </param>
          </params>
          <reporter-output>
          </reporter-output>
        </test-method> <!-- beforeTest -->
        <test-method signature="trelloTest()[pri:0, instance:trello.TrelloTask@55b7a4e0]" started-at="2022-09-26T16:31:33 IDT" name="trelloTest" finished-at="2022-09-26T16:33:18 IDT" duration-ms="105004" status="PASS">
          <reporter-output>
          </reporter-output>
        </test-method> <!-- trelloTest -->
        <test-method is-config="true" signature="afterTest()[pri:0, instance:trello.TrelloTask@55b7a4e0]" started-at="2022-09-26T16:33:18 IDT" name="afterTest" finished-at="2022-09-26T16:33:22 IDT" duration-ms="4181" status="PASS">
          <reporter-output>
          </reporter-output>
        </test-method> <!-- afterTest -->
      </class> <!-- trello.TrelloTask -->
    </test> <!-- Trello Task - FireFox -->
  </suite> <!-- Trello Task -->
</testng-results>
