<?xml version="1.0" encoding="UTF-8"?>
<testng-results ignored="0" total="1" passed="1" failed="0" skipped="0">
  <reporter-output>
  </reporter-output>
  <suite started-at="2022-09-26T15:18:24 IDT" name="Trello Task" finished-at="2022-09-26T15:20:02 IDT" duration-ms="98748">
    <groups>
    </groups>
    <test started-at="2022-09-26T15:18:24 IDT" name="Trello Task - TestCreate" finished-at="2022-09-26T15:20:02 IDT" duration-ms="98748">
      <class name="trello.TrelloTask">
        <test-method is-config="true" signature="beforeSuite(java.lang.String,java.lang.String)[pri:0, instance:trello.TrelloTask@635eaaf1]" started-at="2022-09-26T15:18:15 IDT" name="beforeSuite" finished-at="2022-09-26T15:18:24 IDT" duration-ms="8687" status="PASS">
          <params>
            <param index="0">
              <value>
                <![CDATA[chrome]]>
              </value>
            </param>
            <param index="1">
              <value>
                <![CDATA[./src/files/input.csv]]>
              </value>
            </param>
          </params>
          <reporter-output>
          </reporter-output>
        </test-method> <!-- beforeSuite -->
        <test-method signature="trelloTest()[pri:0, instance:trello.TrelloTask@635eaaf1]" started-at="2022-09-26T15:18:24 IDT" name="trelloTest" finished-at="2022-09-26T15:20:02 IDT" duration-ms="98689" status="PASS">
          <reporter-output>
          </reporter-output>
        </test-method> <!-- trelloTest -->
        <test-method is-config="true" signature="afterSuite()[pri:0, instance:trello.TrelloTask@635eaaf1]" started-at="2022-09-26T15:20:03 IDT" name="afterSuite" finished-at="2022-09-26T15:20:05 IDT" duration-ms="2457" status="PASS">
          <reporter-output>
          </reporter-output>
        </test-method> <!-- afterSuite -->
      </class> <!-- trello.TrelloTask -->
    </test> <!-- Trello Task - TestCreate -->
  </suite> <!-- Trello Task -->
</testng-results>
