<?xml version="1.0" encoding="UTF-8"?>
<!-- Generated by org.testng.reporters.JUnitXMLReporter -->
<testsuite ignored="0" hostname="DESKTOP-D3N9BFH" failures="3" tests="4" name="Testing Search" time="15.863" errors="0" timestamp="2022-09-11T17:23:50 IDT">
  <testcase classname="SearchTest" name="testDataCSV" time="7.817"/>
  <testcase classname="SearchTest" name="testDataCSV" time="2.672">
    <failure type="java.lang.AssertionError" message="expected [Cypress] but found [il.kayak.com - Cypress - Best Hotels in Cypress]">
      <![CDATA[java.lang.AssertionError: expected [Cypress] but found [il.kayak.com - Cypress - Best Hotels in Cypress]
at SearchTest.testDataCSV(SearchTest.java:49)
at java.base/java.util.ArrayList.forEach(ArrayList.java:1511)
at java.base/java.util.concurrent.FutureTask.run(FutureTask.java:264)
at java.base/java.util.concurrent.ThreadPoolExecutor.runWorker(ThreadPoolExecutor.java:1136)
at java.base/java.util.concurrent.ThreadPoolExecutor$Worker.run(ThreadPoolExecutor.java:635)
at java.base/java.lang.Thread.run(Thread.java:833)
... Removed 23 stack frames]]>
    </failure>
  </testcase> <!-- testDataCSV -->
  <testcase classname="SearchTest" name="testDataCSV" time="2.688">
    <failure type="java.lang.AssertionError" message="expected [QTP] but found [What is QTP? | How It Works | Skill &amp;amp; Scope | Need And …]">
      <![CDATA[java.lang.AssertionError: expected [QTP] but found [What is QTP? | How It Works | Skill & Scope | Need And …]
at SearchTest.testDataCSV(SearchTest.java:49)
at java.base/java.util.ArrayList.forEach(ArrayList.java:1511)
at java.base/java.util.concurrent.FutureTask.run(FutureTask.java:264)
at java.base/java.util.concurrent.ThreadPoolExecutor.runWorker(ThreadPoolExecutor.java:1136)
at java.base/java.util.concurrent.ThreadPoolExecutor$Worker.run(ThreadPoolExecutor.java:635)
at java.base/java.lang.Thread.run(Thread.java:833)
... Removed 23 stack frames]]>
    </failure>
  </testcase> <!-- testDataCSV -->
  <testcase classname="SearchTest" name="testDataCSV" time="2.533">
    <failure type="java.lang.AssertionError" message="expected [Appium] but found [Appium: Mobile App Automation Made Awesome.]">
      <![CDATA[java.lang.AssertionError: expected [Appium] but found [Appium: Mobile App Automation Made Awesome.]
at SearchTest.testDataCSV(SearchTest.java:49)
at java.base/java.util.ArrayList.forEach(ArrayList.java:1511)
at java.base/java.util.concurrent.FutureTask.run(FutureTask.java:264)
at java.base/java.util.concurrent.ThreadPoolExecutor.runWorker(ThreadPoolExecutor.java:1136)
at java.base/java.util.concurrent.ThreadPoolExecutor$Worker.run(ThreadPoolExecutor.java:635)
at java.base/java.lang.Thread.run(Thread.java:833)
... Removed 23 stack frames]]>
    </failure>
  </testcase> <!-- testDataCSV -->
</testsuite> <!-- Testing Search -->
