<?xml version="1.0" encoding="UTF-8"?>
<testng-results ignored="0" total="3" passed="3" failed="0" skipped="0">
  <reporter-output>
  </reporter-output>
  <suite started-at="2022-08-27T12:04:50 IDT" name="Check Calculate Sum" finished-at="2022-08-27T12:04:50 IDT" duration-ms="232">
    <groups>
    </groups>
    <test started-at="2022-08-27T12:04:50 IDT" name="Testing with value 0,1" finished-at="2022-08-27T12:04:50 IDT" duration-ms="102">
      <class name="testng.AppTest">
        <test-method signature="checkCalculateSum(int,int)[pri:0, instance:testng.AppTest@57af006c]" started-at="2022-08-27T12:04:50 IDT" name="checkCalculateSum" finished-at="2022-08-27T12:04:50 IDT" duration-ms="26" status="PASS">
          <params>
            <param index="0">
              <value>
                <![CDATA[0]]>
              </value>
            </param>
            <param index="1">
              <value>
                <![CDATA[1]]>
              </value>
            </param>
          </params>
          <reporter-output>
          </reporter-output>
        </test-method> <!-- checkCalculateSum -->
      </class> <!-- testng.AppTest -->
    </test> <!-- Testing with value 0,1 -->
    <test started-at="2022-08-27T12:04:50 IDT" name="Testing with value -1,2" finished-at="2022-08-27T12:04:50 IDT" duration-ms="5">
      <class name="testng.AppTest">
        <test-method signature="checkCalculateSum(int,int)[pri:0, instance:testng.AppTest@58695725]" started-at="2022-08-27T12:04:50 IDT" name="checkCalculateSum" finished-at="2022-08-27T12:04:50 IDT" duration-ms="1" status="PASS">
          <params>
            <param index="0">
              <value>
                <![CDATA[-1]]>
              </value>
            </param>
            <param index="1">
              <value>
                <![CDATA[2]]>
              </value>
            </param>
          </params>
          <reporter-output>
          </reporter-output>
        </test-method> <!-- checkCalculateSum -->
      </class> <!-- testng.AppTest -->
    </test> <!-- Testing with value -1,2 -->
    <test started-at="2022-08-27T12:04:50 IDT" name="Testing with value 3,5" finished-at="2022-08-27T12:04:50 IDT" duration-ms="8">
      <class name="testng.AppTest">
        <test-method signature="checkCalculateSum(int,int)[pri:0, instance:testng.AppTest@25fb8912]" started-at="2022-08-27T12:04:50 IDT" name="checkCalculateSum" finished-at="2022-08-27T12:04:50 IDT" duration-ms="1" status="PASS">
          <params>
            <param index="0">
              <value>
                <![CDATA[3]]>
              </value>
            </param>
            <param index="1">
              <value>
                <![CDATA[5]]>
              </value>
            </param>
          </params>
          <reporter-output>
          </reporter-output>
        </test-method> <!-- checkCalculateSum -->
      </class> <!-- testng.AppTest -->
    </test> <!-- Testing with value 3,5 -->
  </suite> <!-- Check Calculate Sum -->
</testng-results>
