<?xml version="1.0" encoding="UTF-8"?>
<testng-results ignored="0" total="6" passed="6" failed="0" skipped="0">
  <reporter-output>
  </reporter-output>
  <suite started-at="2022-09-12T20:12:12 IDT" name="Check Expedia" finished-at="2022-09-12T20:12:24 IDT" duration-ms="12703">
    <groups>
    </groups>
    <test started-at="2022-09-12T20:12:12 IDT" name="Testing Expedia" finished-at="2022-09-12T20:12:24 IDT" duration-ms="12703">
      <class name="ExpediaTask">
        <test-method is-config="true" signature="beforeSuite(java.lang.String,java.lang.String)[pri:0, instance:ExpediaTask@738dc9b]" started-at="2022-09-12T20:12:10 IDT" name="beforeSuite" finished-at="2022-09-12T20:12:12 IDT" duration-ms="1657" status="PASS">
          <params>
            <param index="0">
              <value>
                <![CDATA[chrome]]>
              </value>
            </param>
            <param index="1">
              <value>
                <![CDATA[input.csv]]>
              </value>
            </param>
          </params>
          <reporter-output>
          </reporter-output>
        </test-method> <!-- beforeSuite -->
        <test-method signature="testDataCSV(java.lang.String,java.lang.String,java.lang.String,java.lang.String)[pri:0, instance:ExpediaTask@738dc9b]" started-at="2022-09-12T20:12:12 IDT" name="testDataCSV" data-provider="getDataCSV" finished-at="2022-09-12T20:12:14 IDT" duration-ms="2696" status="PASS">
          <params>
            <param index="0">
              <value>
                <![CDATA[1098020]]>
              </value>
            </param>
            <param index="1">
              <value>
                <![CDATA[Roda Amwaj Suites Jumeirah Beach Residence]]>
              </value>
            </param>
            <param index="2">
              <value>
                <![CDATA[Dubai]]>
              </value>
            </param>
            <param index="3">
              <value>
                <![CDATA[The Walk]]>
              </value>
            </param>
          </params>
          <reporter-output>
          </reporter-output>
        </test-method> <!-- testDataCSV -->
        <test-method signature="testDataCSV(java.lang.String,java.lang.String,java.lang.String,java.lang.String)[pri:0, instance:ExpediaTask@738dc9b]" started-at="2022-09-12T20:12:14 IDT" name="testDataCSV" data-provider="getDataCSV" finished-at="2022-09-12T20:12:16 IDT" duration-ms="1678" status="PASS">
          <params>
            <param index="0">
              <value>
                <![CDATA[412338]]>
              </value>
            </param>
            <param index="1">
              <value>
                <![CDATA[Ramada Plaza Jumeirah Beach]]>
              </value>
            </param>
            <param index="2">
              <value>
                <![CDATA[Dubai]]>
              </value>
            </param>
            <param index="3">
              <value>
                <![CDATA[Bahar 7]]>
              </value>
            </param>
          </params>
          <reporter-output>
          </reporter-output>
        </test-method> <!-- testDataCSV -->
        <test-method signature="testDataCSV(java.lang.String,java.lang.String,java.lang.String,java.lang.String)[pri:0, instance:ExpediaTask@738dc9b]" started-at="2022-09-12T20:12:16 IDT" name="testDataCSV" data-provider="getDataCSV" finished-at="2022-09-12T20:12:18 IDT" duration-ms="2202" status="PASS">
          <params>
            <param index="0">
              <value>
                <![CDATA[179356]]>
              </value>
            </param>
            <param index="1">
              <value>
                <![CDATA[Meriton Suites Kent Street]]>
              </value>
            </param>
            <param index="2">
              <value>
                <![CDATA[Sydney]]>
              </value>
            </param>
            <param index="3">
              <value>
                <![CDATA[528 Kent Street]]>
              </value>
            </param>
          </params>
          <reporter-output>
          </reporter-output>
        </test-method> <!-- testDataCSV -->
        <test-method signature="testDataCSV(java.lang.String,java.lang.String,java.lang.String,java.lang.String)[pri:0, instance:ExpediaTask@738dc9b]" started-at="2022-09-12T20:12:18 IDT" name="testDataCSV" data-provider="getDataCSV" finished-at="2022-09-12T20:12:20 IDT" duration-ms="1866" status="PASS">
          <params>
            <param index="0">
              <value>
                <![CDATA[2356868]]>
              </value>
            </param>
            <param index="1">
              <value>
                <![CDATA[Marlin Waterloo]]>
              </value>
            </param>
            <param index="2">
              <value>
                <![CDATA[London]]>
              </value>
            </param>
            <param index="3">
              <value>
                <![CDATA[111 Westminster Bridge Road]]>
              </value>
            </param>
          </params>
          <reporter-output>
          </reporter-output>
        </test-method> <!-- testDataCSV -->
        <test-method signature="testDataCSV(java.lang.String,java.lang.String,java.lang.String,java.lang.String)[pri:0, instance:ExpediaTask@738dc9b]" started-at="2022-09-12T20:12:20 IDT" name="testDataCSV" data-provider="getDataCSV" finished-at="2022-09-12T20:12:23 IDT" duration-ms="2259" status="PASS">
          <params>
            <param index="0">
              <value>
                <![CDATA[1374533]]>
              </value>
            </param>
            <param index="1">
              <value>
                <![CDATA[Hyatt Regency Creek Heights Residences]]>
              </value>
            </param>
            <param index="2">
              <value>
                <![CDATA[Dubai]]>
              </value>
            </param>
            <param index="3">
              <value>
                <![CDATA[Dubai Healthcare City]]>
              </value>
            </param>
          </params>
          <reporter-output>
          </reporter-output>
        </test-method> <!-- testDataCSV -->
        <test-method signature="testDataCSV(java.lang.String,java.lang.String,java.lang.String,java.lang.String)[pri:0, instance:ExpediaTask@738dc9b]" started-at="2022-09-12T20:12:23 IDT" name="testDataCSV" data-provider="getDataCSV" finished-at="2022-09-12T20:12:24 IDT" duration-ms="1929" status="PASS">
          <params>
            <param index="0">
              <value>
                <![CDATA[123456]]>
              </value>
            </param>
            <param index="1">
              <value>
                <![CDATA[Leonardo]]>
              </value>
            </param>
            <param index="2">
              <value>
                <![CDATA[tel aviv]]>
              </value>
            </param>
            <param index="3">
              <value>
                <![CDATA[156 Hayarkon Street, Tel Aviv, 63451 ]]>
              </value>
            </param>
          </params>
          <reporter-output>
          </reporter-output>
        </test-method> <!-- testDataCSV -->
        <test-method is-config="true" signature="afterSuite()[pri:0, instance:ExpediaTask@738dc9b]" started-at="2022-09-12T20:12:25 IDT" name="afterSuite" finished-at="2022-09-12T20:12:25 IDT" duration-ms="280" status="PASS">
          <reporter-output>
          </reporter-output>
        </test-method> <!-- afterSuite -->
      </class> <!-- ExpediaTask -->
    </test> <!-- Testing Expedia -->
  </suite> <!-- Check Expedia -->
</testng-results>
