-------------------------------------------------------------------------------
Test set: restassuredtask.DriverTest
-------------------------------------------------------------------------------
Tests run: 1, Failures: 1, Errors: 0, Skipped: 0, Time elapsed: 6.566 s <<< FAILURE! - in restassuredtask.DriverTest
TestCaseOne(restassuredtask.DriverTest)  Time elapsed: 6.482 s  <<< FAILURE!
java.lang.AssertionError: expected:<0> but was:<2>
	at restassuredtask.DriverTest.TestCaseOne(DriverTest.java:39)

