<?xml version="1.0" encoding="UTF-8"?>
<testsuite xmlns:xsi="http://www.w3.org/2001/XMLSchema-instance" xsi:noNamespaceSchemaLocation="https://maven.apache.org/surefire/maven-surefire-plugin/xsd/surefire-test-report.xsd" name="restassuredtask.DriverTest" time="6.566" tests="1" errors="0" skipped="0" failures="1">
  <properties>
[...]
</properties>
  <testcase name="TestCaseOne" classname="restassuredtask.DriverTest" time="6.482">
    <failure message="expected:&lt;0&gt; but was:&lt;2&gt;" type="java.lang.AssertionError"><![CDATA[java.lang.AssertionError: expected:<0> but was:<2>
	at restassuredtask.DriverTest.TestCaseOne(DriverTest.java:39)
]]></failure>
    <system-out><![CDATA[After Test
]]></system-out>
  </testcase>
</testsuite>